<?xml version="1.0" encoding="UTF-8"?>
<testsuite name="Cucumber" time="0.388" tests="1" skipped="0" failures="0" errors="0">
<testcase classname="Uber Booking Feature" name="Booking Cab Sedan" time="0.059">
<system-out><![CDATA[
Given User wants to select car type "sedan" from Uber app...................passed
When user selects the car "sedan" and pickup point "Bangalore" drop to "Pune".passed
Then Driver starts the Journey..............................................passed
And Driver ends the journey.................................................passed
Then user pay 1000 USD......................................................passed
]]></system-out>
</testcase>
</testsuite>
