<?xml version="1.0" encoding="UTF-8"?>
<testng-results ignored="0" total="1" passed="1" failed="0" skipped="0">
  <reporter-output>
  </reporter-output>
  <suite started-at="2023-02-12T08:36:20 IST" name="Default suite" finished-at="2023-02-12T08:36:38 IST" duration-ms="18228">
    <groups>
    </groups>
    <test started-at="2023-02-12T08:36:20 IST" name="Default test" finished-at="2023-02-12T08:36:38 IST" duration-ms="18228">
      <class name="automationFramework.SecondTestCase">
        <test-method is-config="true" signature="launchBrowser()[pri:0, instance:automationFramework.SecondTestCase@5c645b43]" started-at="2023-02-12T08:36:20 IST" name="launchBrowser" finished-at="2023-02-12T08:36:38 IST" duration-ms="18129" status="PASS">
          <reporter-output>
          </reporter-output>
        </test-method> <!-- launchBrowser -->
        <test-method signature="dropDown()[pri:0, instance:automationFramework.SecondTestCase@5c645b43]" started-at="2023-02-12T08:36:38 IST" name="dropDown" finished-at="2023-02-12T08:36:38 IST" duration-ms="41" status="PASS">
          <reporter-output>
          </reporter-output>
        </test-method> <!-- dropDown -->
      </class> <!-- automationFramework.SecondTestCase -->
    </test> <!-- Default test -->
  </suite> <!-- Default suite -->
</testng-results>
